{"/home/tigaron/svelte-strapi-blog/serverless/manga-scraper-es6/server/configs/index.js": {"path":"/home/tigaron/svelte-strapi-blog/serverless/manga-scraper-es6/server/configs/index.js","statementMap":{"0":{"start":{"line":4,"column":19},"end":{"line":4,"column":30}},"1":{"start":{"line":6,"column":17},"end":{"line":6,"column":55}},"2":{"start":{"line":8,"column":24},"end":{"line":12,"column":1}},"3":{"start":{"line":14,"column":26},"end":{"line":16,"column":1}},"4":{"start":{"line":18,"column":24},"end":{"line":18,"column":62}},"5":{"start":{"line":20,"column":17},"end":{"line":20,"column":71}}},"fnMap":{},"branchMap":{},"s":{"0":4,"1":4,"2":4,"3":4,"4":4,"5":4},"f":{},"b":{},"_coverageSchema":"1a1c01bbd47fc00a2c39e90264f33305004495a9","hash":"701a3d501b25aa2c583238bb6a4a37fb81cdb544"}
,"/home/tigaron/svelte-strapi-blog/serverless/manga-scraper-es6/server/controllers/fetch.js": {"path":"/home/tigaron/svelte-strapi-blog/serverless/manga-scraper-es6/server/controllers/fetch.js","statementMap":{"0":{"start":{"line":10,"column":27},"end":{"line":10,"column":37}},"1":{"start":{"line":12,"column":1},"end":{"line":41,"column":2}},"2":{"start":{"line":13,"column":15},"end":{"line":13,"column":61}},"3":{"start":{"line":14,"column":2},"end":{"line":33,"column":3}},"4":{"start":{"line":18,"column":3},"end":{"line":21,"column":6}},"5":{"start":{"line":22,"column":3},"end":{"line":22,"column":58}},"6":{"start":{"line":27,"column":3},"end":{"line":31,"column":6}},"7":{"start":{"line":32,"column":3},"end":{"line":32,"column":58}},"8":{"start":{"line":35,"column":2},"end":{"line":35,"column":28}},"9":{"start":{"line":36,"column":2},"end":{"line":39,"column":5}},"10":{"start":{"line":40,"column":2},"end":{"line":40,"column":57}},"11":{"start":{"line":48,"column":22},"end":{"line":52,"column":3}},"12":{"start":{"line":53,"column":1},"end":{"line":53,"column":56}},"13":{"start":{"line":60,"column":28},"end":{"line":60,"column":38}},"14":{"start":{"line":62,"column":1},"end":{"line":92,"column":2}},"15":{"start":{"line":63,"column":18},"end":{"line":63,"column":76}},"16":{"start":{"line":64,"column":15},"end":{"line":64,"column":46}},"17":{"start":{"line":65,"column":2},"end":{"line":84,"column":3}},"18":{"start":{"line":69,"column":3},"end":{"line":72,"column":6}},"19":{"start":{"line":73,"column":3},"end":{"line":73,"column":58}},"20":{"start":{"line":78,"column":3},"end":{"line":82,"column":6}},"21":{"start":{"line":83,"column":3},"end":{"line":83,"column":58}},"22":{"start":{"line":86,"column":2},"end":{"line":86,"column":28}},"23":{"start":{"line":87,"column":2},"end":{"line":90,"column":5}},"24":{"start":{"line":91,"column":2},"end":{"line":91,"column":57}},"25":{"start":{"line":99,"column":28},"end":{"line":99,"column":38}},"26":{"start":{"line":101,"column":1},"end":{"line":130,"column":2}},"27":{"start":{"line":102,"column":15},"end":{"line":102,"column":59}},"28":{"start":{"line":103,"column":2},"end":{"line":122,"column":3}},"29":{"start":{"line":107,"column":3},"end":{"line":110,"column":6}},"30":{"start":{"line":111,"column":3},"end":{"line":111,"column":58}},"31":{"start":{"line":116,"column":3},"end":{"line":120,"column":6}},"32":{"start":{"line":121,"column":3},"end":{"line":121,"column":58}},"33":{"start":{"line":124,"column":2},"end":{"line":124,"column":28}},"34":{"start":{"line":125,"column":2},"end":{"line":128,"column":5}},"35":{"start":{"line":129,"column":2},"end":{"line":129,"column":57}},"36":{"start":{"line":137,"column":35},"end":{"line":137,"column":45}},"37":{"start":{"line":139,"column":1},"end":{"line":168,"column":2}},"38":{"start":{"line":140,"column":15},"end":{"line":140,"column":70}},"39":{"start":{"line":141,"column":2},"end":{"line":160,"column":3}},"40":{"start":{"line":145,"column":3},"end":{"line":148,"column":6}},"41":{"start":{"line":149,"column":3},"end":{"line":149,"column":58}},"42":{"start":{"line":154,"column":3},"end":{"line":158,"column":6}},"43":{"start":{"line":159,"column":3},"end":{"line":159,"column":58}},"44":{"start":{"line":162,"column":2},"end":{"line":162,"column":28}},"45":{"start":{"line":163,"column":2},"end":{"line":166,"column":5}},"46":{"start":{"line":167,"column":2},"end":{"line":167,"column":57}},"47":{"start":{"line":171,"column":14},"end":{"line":177,"column":1}}},"fnMap":{"0":{"name":"status","decl":{"start":{"line":9,"column":15},"end":{"line":9,"column":21}},"loc":{"start":{"line":9,"column":32},"end":{"line":42,"column":1}},"line":9},"1":{"name":"providerData","decl":{"start":{"line":47,"column":9},"end":{"line":47,"column":21}},"loc":{"start":{"line":47,"column":32},"end":{"line":54,"column":1}},"line":47},"2":{"name":"listData","decl":{"start":{"line":59,"column":15},"end":{"line":59,"column":23}},"loc":{"start":{"line":59,"column":34},"end":{"line":93,"column":1}},"line":59},"3":{"name":"mangaData","decl":{"start":{"line":98,"column":15},"end":{"line":98,"column":24}},"loc":{"start":{"line":98,"column":35},"end":{"line":131,"column":1}},"line":98},"4":{"name":"chapterData","decl":{"start":{"line":136,"column":15},"end":{"line":136,"column":26}},"loc":{"start":{"line":136,"column":37},"end":{"line":169,"column":1}},"line":136}},"branchMap":{"0":{"loc":{"start":{"line":14,"column":2},"end":{"line":33,"column":3}},"type":"if","locations":[{"start":{"line":14,"column":2},"end":{"line":33,"column":3}},{"start":{"line":23,"column":9},"end":{"line":33,"column":3}}],"line":14},"1":{"loc":{"start":{"line":63,"column":18},"end":{"line":63,"column":76}},"type":"cond-expr","locations":[{"start":{"line":63,"column":25},"end":{"line":63,"column":54}},{"start":{"line":63,"column":57},"end":{"line":63,"column":76}}],"line":63},"2":{"loc":{"start":{"line":65,"column":2},"end":{"line":84,"column":3}},"type":"if","locations":[{"start":{"line":65,"column":2},"end":{"line":84,"column":3}},{"start":{"line":74,"column":9},"end":{"line":84,"column":3}}],"line":65},"3":{"loc":{"start":{"line":71,"column":54},"end":{"line":71,"column":76}},"type":"cond-expr","locations":[{"start":{"line":71,"column":61},"end":{"line":71,"column":65}},{"start":{"line":71,"column":68},"end":{"line":71,"column":76}}],"line":71},"4":{"loc":{"start":{"line":103,"column":2},"end":{"line":122,"column":3}},"type":"if","locations":[{"start":{"line":103,"column":2},"end":{"line":122,"column":3}},{"start":{"line":112,"column":9},"end":{"line":122,"column":3}}],"line":103},"5":{"loc":{"start":{"line":141,"column":2},"end":{"line":160,"column":3}},"type":"if","locations":[{"start":{"line":141,"column":2},"end":{"line":160,"column":3}},{"start":{"line":150,"column":9},"end":{"line":160,"column":3}}],"line":141}},"s":{"0":3,"1":3,"2":3,"3":2,"4":1,"5":1,"6":1,"7":1,"8":1,"9":1,"10":1,"11":1,"12":1,"13":3,"14":3,"15":3,"16":3,"17":2,"18":1,"19":1,"20":1,"21":1,"22":1,"23":1,"24":1,"25":3,"26":3,"27":3,"28":2,"29":1,"30":1,"31":1,"32":1,"33":1,"34":1,"35":1,"36":3,"37":3,"38":3,"39":2,"40":1,"41":1,"42":1,"43":1,"44":1,"45":1,"46":1,"47":2},"f":{"0":3,"1":1,"2":3,"3":3,"4":3},"b":{"0":[1,1],"1":[0,3],"2":[1,1],"3":[0,1],"4":[1,1],"5":[1,1]},"_coverageSchema":"1a1c01bbd47fc00a2c39e90264f33305004495a9","hash":"be4e96e60af06a9e0d0df556efc563ecc851fd23"}
,"/home/tigaron/svelte-strapi-blog/serverless/manga-scraper-es6/server/controllers/scrape.js": {"path":"/home/tigaron/svelte-strapi-blog/serverless/manga-scraper-es6/server/controllers/scrape.js","statementMap":{"0":{"start":{"line":15,"column":37},"end":{"line":15,"column":45}},"1":{"start":{"line":16,"column":19},"end":{"line":16,"column":50}},"2":{"start":{"line":18,"column":1},"end":{"line":84,"column":2}},"3":{"start":{"line":23,"column":19},"end":{"line":23,"column":71}},"4":{"start":{"line":24,"column":2},"end":{"line":30,"column":3}},"5":{"start":{"line":25,"column":3},"end":{"line":28,"column":6}},"6":{"start":{"line":29,"column":3},"end":{"line":29,"column":69}},"7":{"start":{"line":36,"column":20},"end":{"line":36,"column":28}},"8":{"start":{"line":37,"column":24},"end":{"line":42,"column":4}},"9":{"start":{"line":43,"column":2},"end":{"line":43,"column":52}},"10":{"start":{"line":44,"column":2},"end":{"line":48,"column":5}},"11":{"start":{"line":49,"column":2},"end":{"line":49,"column":50}},"12":{"start":{"line":55,"column":22},"end":{"line":55,"column":31}},"13":{"start":{"line":56,"column":2},"end":{"line":64,"column":3}},"14":{"start":{"line":57,"column":16},"end":{"line":57,"column":83}},"15":{"start":{"line":58,"column":3},"end":{"line":63,"column":4}},"16":{"start":{"line":59,"column":4},"end":{"line":59,"column":84}},"17":{"start":{"line":60,"column":4},"end":{"line":60,"column":13}},"18":{"start":{"line":62,"column":4},"end":{"line":62,"column":47}},"19":{"start":{"line":70,"column":24},"end":{"line":75,"column":4}},"20":{"start":{"line":76,"column":2},"end":{"line":76,"column":52}},"21":{"start":{"line":78,"column":2},"end":{"line":78,"column":28}},"22":{"start":{"line":79,"column":2},"end":{"line":82,"column":5}},"23":{"start":{"line":83,"column":2},"end":{"line":83,"column":57}},"24":{"start":{"line":94,"column":54},"end":{"line":94,"column":62}},"25":{"start":{"line":96,"column":1},"end":{"line":149,"column":2}},"26":{"start":{"line":102,"column":46},"end":{"line":102,"column":100}},"27":{"start":{"line":103,"column":2},"end":{"line":109,"column":3}},"28":{"start":{"line":104,"column":3},"end":{"line":107,"column":6}},"29":{"start":{"line":108,"column":3},"end":{"line":108,"column":58}},"30":{"start":{"line":110,"column":2},"end":{"line":116,"column":3}},"31":{"start":{"line":111,"column":3},"end":{"line":114,"column":6}},"32":{"start":{"line":115,"column":3},"end":{"line":115,"column":58}},"33":{"start":{"line":122,"column":19},"end":{"line":122,"column":67}},"34":{"start":{"line":123,"column":2},"end":{"line":129,"column":3}},"35":{"start":{"line":124,"column":3},"end":{"line":127,"column":6}},"36":{"start":{"line":128,"column":3},"end":{"line":128,"column":69}},"37":{"start":{"line":135,"column":2},"end":{"line":135,"column":51}},"38":{"start":{"line":136,"column":2},"end":{"line":140,"column":5}},"39":{"start":{"line":141,"column":2},"end":{"line":141,"column":57}},"40":{"start":{"line":143,"column":2},"end":{"line":143,"column":28}},"41":{"start":{"line":144,"column":2},"end":{"line":147,"column":5}},"42":{"start":{"line":148,"column":2},"end":{"line":148,"column":57}},"43":{"start":{"line":159,"column":54},"end":{"line":159,"column":62}},"44":{"start":{"line":161,"column":1},"end":{"line":240,"column":2}},"45":{"start":{"line":165,"column":34},"end":{"line":165,"column":88}},"46":{"start":{"line":166,"column":2},"end":{"line":172,"column":3}},"47":{"start":{"line":167,"column":3},"end":{"line":170,"column":6}},"48":{"start":{"line":171,"column":3},"end":{"line":171,"column":58}},"49":{"start":{"line":178,"column":19},"end":{"line":178,"column":73}},"50":{"start":{"line":179,"column":2},"end":{"line":185,"column":3}},"51":{"start":{"line":180,"column":3},"end":{"line":183,"column":6}},"52":{"start":{"line":184,"column":3},"end":{"line":184,"column":69}},"53":{"start":{"line":191,"column":20},"end":{"line":191,"column":28}},"54":{"start":{"line":192,"column":24},"end":{"line":197,"column":4}},"55":{"start":{"line":198,"column":2},"end":{"line":198,"column":52}},"56":{"start":{"line":199,"column":2},"end":{"line":203,"column":5}},"57":{"start":{"line":204,"column":2},"end":{"line":204,"column":50}},"58":{"start":{"line":210,"column":22},"end":{"line":210,"column":31}},"59":{"start":{"line":211,"column":2},"end":{"line":219,"column":3}},"60":{"start":{"line":212,"column":16},"end":{"line":212,"column":83}},"61":{"start":{"line":213,"column":3},"end":{"line":218,"column":4}},"62":{"start":{"line":214,"column":4},"end":{"line":214,"column":84}},"63":{"start":{"line":215,"column":4},"end":{"line":215,"column":13}},"64":{"start":{"line":217,"column":4},"end":{"line":217,"column":47}},"65":{"start":{"line":225,"column":24},"end":{"line":230,"column":4}},"66":{"start":{"line":231,"column":2},"end":{"line":231,"column":52}},"67":{"start":{"line":234,"column":2},"end":{"line":234,"column":28}},"68":{"start":{"line":235,"column":2},"end":{"line":238,"column":5}},"69":{"start":{"line":239,"column":2},"end":{"line":239,"column":57}},"70":{"start":{"line":250,"column":73},"end":{"line":250,"column":81}},"71":{"start":{"line":252,"column":1},"end":{"line":305,"column":2}},"72":{"start":{"line":258,"column":52},"end":{"line":258,"column":123}},"73":{"start":{"line":259,"column":2},"end":{"line":265,"column":3}},"74":{"start":{"line":260,"column":3},"end":{"line":263,"column":6}},"75":{"start":{"line":264,"column":3},"end":{"line":264,"column":58}},"76":{"start":{"line":266,"column":2},"end":{"line":272,"column":3}},"77":{"start":{"line":267,"column":3},"end":{"line":270,"column":6}},"78":{"start":{"line":271,"column":3},"end":{"line":271,"column":58}},"79":{"start":{"line":278,"column":19},"end":{"line":278,"column":69}},"80":{"start":{"line":279,"column":2},"end":{"line":285,"column":3}},"81":{"start":{"line":280,"column":3},"end":{"line":283,"column":6}},"82":{"start":{"line":284,"column":3},"end":{"line":284,"column":69}},"83":{"start":{"line":291,"column":2},"end":{"line":291,"column":53}},"84":{"start":{"line":292,"column":2},"end":{"line":296,"column":5}},"85":{"start":{"line":297,"column":2},"end":{"line":297,"column":57}},"86":{"start":{"line":299,"column":2},"end":{"line":299,"column":28}},"87":{"start":{"line":300,"column":2},"end":{"line":303,"column":5}},"88":{"start":{"line":304,"column":2},"end":{"line":304,"column":57}},"89":{"start":{"line":308,"column":15},"end":{"line":313,"column":1}}},"fnMap":{"0":{"name":"mangaList","decl":{"start":{"line":14,"column":15},"end":{"line":14,"column":24}},"loc":{"start":{"line":14,"column":35},"end":{"line":85,"column":1}},"line":14},"1":{"name":"manga","decl":{"start":{"line":93,"column":15},"end":{"line":93,"column":20}},"loc":{"start":{"line":93,"column":31},"end":{"line":150,"column":1}},"line":93},"2":{"name":"chapterList","decl":{"start":{"line":158,"column":15},"end":{"line":158,"column":26}},"loc":{"start":{"line":158,"column":37},"end":{"line":241,"column":1}},"line":158},"3":{"name":"chapter","decl":{"start":{"line":249,"column":15},"end":{"line":249,"column":22}},"loc":{"start":{"line":249,"column":33},"end":{"line":306,"column":1}},"line":249}},"branchMap":{"0":{"loc":{"start":{"line":24,"column":2},"end":{"line":30,"column":3}},"type":"if","locations":[{"start":{"line":24,"column":2},"end":{"line":30,"column":3}},{"start":{},"end":{}}],"line":24},"1":{"loc":{"start":{"line":58,"column":3},"end":{"line":63,"column":4}},"type":"if","locations":[{"start":{"line":58,"column":3},"end":{"line":63,"column":4}},{"start":{"line":61,"column":10},"end":{"line":63,"column":4}}],"line":58},"2":{"loc":{"start":{"line":103,"column":2},"end":{"line":109,"column":3}},"type":"if","locations":[{"start":{"line":103,"column":2},"end":{"line":109,"column":3}},{"start":{},"end":{}}],"line":103},"3":{"loc":{"start":{"line":110,"column":2},"end":{"line":116,"column":3}},"type":"if","locations":[{"start":{"line":110,"column":2},"end":{"line":116,"column":3}},{"start":{},"end":{}}],"line":110},"4":{"loc":{"start":{"line":123,"column":2},"end":{"line":129,"column":3}},"type":"if","locations":[{"start":{"line":123,"column":2},"end":{"line":129,"column":3}},{"start":{},"end":{}}],"line":123},"5":{"loc":{"start":{"line":166,"column":2},"end":{"line":172,"column":3}},"type":"if","locations":[{"start":{"line":166,"column":2},"end":{"line":172,"column":3}},{"start":{},"end":{}}],"line":166},"6":{"loc":{"start":{"line":179,"column":2},"end":{"line":185,"column":3}},"type":"if","locations":[{"start":{"line":179,"column":2},"end":{"line":185,"column":3}},{"start":{},"end":{}}],"line":179},"7":{"loc":{"start":{"line":213,"column":3},"end":{"line":218,"column":4}},"type":"if","locations":[{"start":{"line":213,"column":3},"end":{"line":218,"column":4}},{"start":{"line":216,"column":10},"end":{"line":218,"column":4}}],"line":213},"8":{"loc":{"start":{"line":259,"column":2},"end":{"line":265,"column":3}},"type":"if","locations":[{"start":{"line":259,"column":2},"end":{"line":265,"column":3}},{"start":{},"end":{}}],"line":259},"9":{"loc":{"start":{"line":266,"column":2},"end":{"line":272,"column":3}},"type":"if","locations":[{"start":{"line":266,"column":2},"end":{"line":272,"column":3}},{"start":{},"end":{}}],"line":266},"10":{"loc":{"start":{"line":279,"column":2},"end":{"line":285,"column":3}},"type":"if","locations":[{"start":{"line":279,"column":2},"end":{"line":285,"column":3}},{"start":{},"end":{}}],"line":279}},"s":{"0":4,"1":4,"2":4,"3":4,"4":4,"5":1,"6":1,"7":3,"8":3,"9":3,"10":2,"11":2,"12":2,"13":2,"14":6,"15":6,"16":3,"17":3,"18":3,"19":2,"20":2,"21":1,"22":1,"23":1,"24":5,"25":5,"26":5,"27":4,"28":1,"29":1,"30":3,"31":1,"32":1,"33":2,"34":2,"35":1,"36":1,"37":1,"38":1,"39":1,"40":1,"41":1,"42":1,"43":5,"44":5,"45":5,"46":4,"47":1,"48":1,"49":3,"50":3,"51":1,"52":1,"53":2,"54":2,"55":2,"56":2,"57":2,"58":2,"59":2,"60":6,"61":6,"62":3,"63":3,"64":3,"65":2,"66":2,"67":1,"68":1,"69":1,"70":5,"71":5,"72":5,"73":4,"74":1,"75":1,"76":3,"77":1,"78":1,"79":2,"80":2,"81":1,"82":1,"83":1,"84":1,"85":1,"86":1,"87":1,"88":1,"89":2},"f":{"0":4,"1":5,"2":5,"3":5},"b":{"0":[1,3],"1":[3,3],"2":[1,3],"3":[1,2],"4":[1,1],"5":[1,3],"6":[1,2],"7":[3,3],"8":[1,3],"9":[1,2],"10":[1,1]},"_coverageSchema":"1a1c01bbd47fc00a2c39e90264f33305004495a9","hash":"2d6e823c61e3a61dd105d4cf1d9b2cf1bee33d07"}
,"/home/tigaron/svelte-strapi-blog/serverless/manga-scraper-es6/server/db/create.js": {"path":"/home/tigaron/svelte-strapi-blog/serverless/manga-scraper-es6/server/db/create.js","statementMap":{"0":{"start":{"line":6,"column":24},"end":{"line":6,"column":35}},"1":{"start":{"line":9,"column":16},"end":{"line":13,"column":2}},"2":{"start":{"line":14,"column":1},"end":{"line":19,"column":2}},"3":{"start":{"line":15,"column":2},"end":{"line":15,"column":50}},"4":{"start":{"line":17,"column":2},"end":{"line":17,"column":57}},"5":{"start":{"line":18,"column":2},"end":{"line":18,"column":28}},"6":{"start":{"line":23,"column":16},"end":{"line":27,"column":2}},"7":{"start":{"line":28,"column":1},"end":{"line":33,"column":2}},"8":{"start":{"line":29,"column":2},"end":{"line":29,"column":50}},"9":{"start":{"line":31,"column":2},"end":{"line":31,"column":58}},"10":{"start":{"line":32,"column":2},"end":{"line":32,"column":28}}},"fnMap":{"0":{"name":"createEntry","decl":{"start":{"line":8,"column":15},"end":{"line":8,"column":26}},"loc":{"start":{"line":8,"column":58},"end":{"line":20,"column":1}},"line":8},"1":{"name":"createStatus","decl":{"start":{"line":22,"column":15},"end":{"line":22,"column":27}},"loc":{"start":{"line":22,"column":59},"end":{"line":34,"column":1}},"line":22}},"branchMap":{"0":{"loc":{"start":{"line":8,"column":33},"end":{"line":8,"column":56}},"type":"default-arg","locations":[{"start":{"line":8,"column":45},"end":{"line":8,"column":56}}],"line":8},"1":{"loc":{"start":{"line":22,"column":34},"end":{"line":22,"column":57}},"type":"default-arg","locations":[{"start":{"line":22,"column":46},"end":{"line":22,"column":57}}],"line":22}},"s":{"0":4,"1":0,"2":0,"3":0,"4":0,"5":0,"6":0,"7":0,"8":0,"9":0,"10":0},"f":{"0":0,"1":0},"b":{"0":[0],"1":[0]},"_coverageSchema":"1a1c01bbd47fc00a2c39e90264f33305004495a9","hash":"32c496cbc17e2352ac0bc4b33bd0182e686eef09"}
,"/home/tigaron/svelte-strapi-blog/serverless/manga-scraper-es6/server/db/index.js": {"path":"/home/tigaron/svelte-strapi-blog/serverless/manga-scraper-es6/server/db/index.js","statementMap":{"0":{"start":{"line":5,"column":11},"end":{"line":13,"column":1}}},"fnMap":{},"branchMap":{},"s":{"0":4},"f":{},"b":{},"_coverageSchema":"1a1c01bbd47fc00a2c39e90264f33305004495a9","hash":"1a37977c4750e4822fbe4eb55488e42843c7d79b"}
,"/home/tigaron/svelte-strapi-blog/serverless/manga-scraper-es6/server/db/read.js": {"path":"/home/tigaron/svelte-strapi-blog/serverless/manga-scraper-es6/server/db/read.js","statementMap":{"0":{"start":{"line":6,"column":24},"end":{"line":6,"column":35}},"1":{"start":{"line":9,"column":16},"end":{"line":15,"column":2}},"2":{"start":{"line":16,"column":1},"end":{"line":23,"column":2}},"3":{"start":{"line":17,"column":19},"end":{"line":17,"column":66}},"4":{"start":{"line":18,"column":2},"end":{"line":19,"column":20}},"5":{"start":{"line":18,"column":12},"end":{"line":18,"column":36}},"6":{"start":{"line":19,"column":7},"end":{"line":19,"column":20}},"7":{"start":{"line":21,"column":2},"end":{"line":21,"column":44}},"8":{"start":{"line":22,"column":2},"end":{"line":22,"column":28}},"9":{"start":{"line":27,"column":16},"end":{"line":33,"column":2}},"10":{"start":{"line":34,"column":1},"end":{"line":41,"column":2}},"11":{"start":{"line":35,"column":20},"end":{"line":35,"column":65}},"12":{"start":{"line":36,"column":2},"end":{"line":37,"column":20}},"13":{"start":{"line":36,"column":13},"end":{"line":36,"column":58}},"14":{"start":{"line":36,"column":40},"end":{"line":36,"column":56}},"15":{"start":{"line":37,"column":7},"end":{"line":37,"column":20}},"16":{"start":{"line":39,"column":2},"end":{"line":39,"column":49}},"17":{"start":{"line":40,"column":2},"end":{"line":40,"column":28}}},"fnMap":{"0":{"name":"getEntry","decl":{"start":{"line":8,"column":15},"end":{"line":8,"column":23}},"loc":{"start":{"line":8,"column":69},"end":{"line":24,"column":1}},"line":8},"1":{"name":"getCollection","decl":{"start":{"line":26,"column":15},"end":{"line":26,"column":28}},"loc":{"start":{"line":26,"column":63},"end":{"line":42,"column":1}},"line":26},"2":{"name":"(anonymous_2)","decl":{"start":{"line":36,"column":30},"end":{"line":36,"column":31}},"loc":{"start":{"line":36,"column":40},"end":{"line":36,"column":56}},"line":36}},"branchMap":{"0":{"loc":{"start":{"line":8,"column":44},"end":{"line":8,"column":67}},"type":"default-arg","locations":[{"start":{"line":8,"column":56},"end":{"line":8,"column":67}}],"line":8},"1":{"loc":{"start":{"line":18,"column":2},"end":{"line":19,"column":20}},"type":"if","locations":[{"start":{"line":18,"column":2},"end":{"line":19,"column":20}},{"start":{"line":19,"column":7},"end":{"line":19,"column":20}}],"line":18},"2":{"loc":{"start":{"line":26,"column":38},"end":{"line":26,"column":61}},"type":"default-arg","locations":[{"start":{"line":26,"column":50},"end":{"line":26,"column":61}}],"line":26},"3":{"loc":{"start":{"line":36,"column":2},"end":{"line":37,"column":20}},"type":"if","locations":[{"start":{"line":36,"column":2},"end":{"line":37,"column":20}},{"start":{"line":37,"column":7},"end":{"line":37,"column":20}}],"line":36}},"s":{"0":4,"1":0,"2":0,"3":0,"4":0,"5":0,"6":0,"7":0,"8":0,"9":0,"10":0,"11":0,"12":0,"13":0,"14":0,"15":0,"16":0,"17":0},"f":{"0":0,"1":0,"2":0},"b":{"0":[0],"1":[0,0],"2":[0],"3":[0,0]},"_coverageSchema":"1a1c01bbd47fc00a2c39e90264f33305004495a9","hash":"625d83819c2246d680f0e4e5aca77fcb39fbb101"}
,"/home/tigaron/svelte-strapi-blog/serverless/manga-scraper-es6/server/db/update.js": {"path":"/home/tigaron/svelte-strapi-blog/serverless/manga-scraper-es6/server/db/update.js","statementMap":{"0":{"start":{"line":6,"column":24},"end":{"line":6,"column":35}},"1":{"start":{"line":9,"column":16},"end":{"line":32,"column":2}},"2":{"start":{"line":33,"column":1},"end":{"line":38,"column":2}},"3":{"start":{"line":34,"column":2},"end":{"line":34,"column":53}},"4":{"start":{"line":36,"column":2},"end":{"line":36,"column":62}},"5":{"start":{"line":37,"column":2},"end":{"line":37,"column":28}},"6":{"start":{"line":42,"column":16},"end":{"line":65,"column":2}},"7":{"start":{"line":66,"column":1},"end":{"line":71,"column":2}},"8":{"start":{"line":67,"column":2},"end":{"line":67,"column":53}},"9":{"start":{"line":69,"column":2},"end":{"line":69,"column":64}},"10":{"start":{"line":70,"column":2},"end":{"line":70,"column":28}},"11":{"start":{"line":75,"column":16},"end":{"line":92,"column":2}},"12":{"start":{"line":93,"column":1},"end":{"line":98,"column":2}},"13":{"start":{"line":94,"column":2},"end":{"line":94,"column":53}},"14":{"start":{"line":96,"column":2},"end":{"line":96,"column":58}},"15":{"start":{"line":97,"column":2},"end":{"line":97,"column":28}}},"fnMap":{"0":{"name":"updateMangaEntry","decl":{"start":{"line":8,"column":15},"end":{"line":8,"column":31}},"loc":{"start":{"line":8,"column":63},"end":{"line":39,"column":1}},"line":8},"1":{"name":"updateChapterEntry","decl":{"start":{"line":41,"column":15},"end":{"line":41,"column":33}},"loc":{"start":{"line":41,"column":65},"end":{"line":72,"column":1}},"line":41},"2":{"name":"updateStatus","decl":{"start":{"line":74,"column":15},"end":{"line":74,"column":27}},"loc":{"start":{"line":74,"column":59},"end":{"line":99,"column":1}},"line":74}},"branchMap":{"0":{"loc":{"start":{"line":8,"column":38},"end":{"line":8,"column":61}},"type":"default-arg","locations":[{"start":{"line":8,"column":50},"end":{"line":8,"column":61}}],"line":8},"1":{"loc":{"start":{"line":41,"column":40},"end":{"line":41,"column":63}},"type":"default-arg","locations":[{"start":{"line":41,"column":52},"end":{"line":41,"column":63}}],"line":41},"2":{"loc":{"start":{"line":74,"column":34},"end":{"line":74,"column":57}},"type":"default-arg","locations":[{"start":{"line":74,"column":46},"end":{"line":74,"column":57}}],"line":74}},"s":{"0":4,"1":0,"2":0,"3":0,"4":0,"5":0,"6":0,"7":0,"8":0,"9":0,"10":0,"11":0,"12":0,"13":0,"14":0,"15":0},"f":{"0":0,"1":0,"2":0},"b":{"0":[0],"1":[0],"2":[0]},"_coverageSchema":"1a1c01bbd47fc00a2c39e90264f33305004495a9","hash":"883e40446a2e348cb0ec699fc47937fed36ac8c3"}
,"/home/tigaron/svelte-strapi-blog/serverless/manga-scraper-es6/server/routes/fetch.js": {"path":"/home/tigaron/svelte-strapi-blog/serverless/manga-scraper-es6/server/routes/fetch.js","statementMap":{"0":{"start":{"line":4,"column":15},"end":{"line":4,"column":31}},"1":{"start":{"line":6,"column":0},"end":{"line":6,"column":74}},"2":{"start":{"line":6,"column":30},"end":{"line":6,"column":72}},"3":{"start":{"line":8,"column":0},"end":{"line":8,"column":61}},"4":{"start":{"line":10,"column":0},"end":{"line":10,"column":56}},"5":{"start":{"line":12,"column":0},"end":{"line":12,"column":77}},"6":{"start":{"line":14,"column":0},"end":{"line":14,"column":79}},"7":{"start":{"line":16,"column":0},"end":{"line":16,"column":85}},"8":{"start":{"line":18,"column":0},"end":{"line":18,"column":90}}},"fnMap":{"0":{"name":"(anonymous_0)","decl":{"start":{"line":6,"column":16},"end":{"line":6,"column":17}},"loc":{"start":{"line":6,"column":30},"end":{"line":6,"column":72}},"line":6}},"branchMap":{},"s":{"0":1,"1":1,"2":0,"3":1,"4":1,"5":1,"6":1,"7":1,"8":1},"f":{"0":0},"b":{},"_coverageSchema":"1a1c01bbd47fc00a2c39e90264f33305004495a9","hash":"b44002d998344c11f00ba0f15887a1bd01be9d60"}
,"/home/tigaron/svelte-strapi-blog/serverless/manga-scraper-es6/server/routes/scrape.js": {"path":"/home/tigaron/svelte-strapi-blog/serverless/manga-scraper-es6/server/routes/scrape.js","statementMap":{"0":{"start":{"line":4,"column":15},"end":{"line":4,"column":31}},"1":{"start":{"line":6,"column":0},"end":{"line":6,"column":78}},"2":{"start":{"line":8,"column":0},"end":{"line":8,"column":73}},"3":{"start":{"line":10,"column":0},"end":{"line":10,"column":86}},"4":{"start":{"line":12,"column":0},"end":{"line":12,"column":82}}},"fnMap":{},"branchMap":{},"s":{"0":1,"1":1,"2":1,"3":1,"4":1},"f":{},"b":{},"_coverageSchema":"1a1c01bbd47fc00a2c39e90264f33305004495a9","hash":"3caab459e0524731f052e7fbebb2bfe70cb8ec13"}
,"/home/tigaron/svelte-strapi-blog/serverless/manga-scraper-es6/server/services/logger.js": {"path":"/home/tigaron/svelte-strapi-blog/serverless/manga-scraper-es6/server/services/logger.js","statementMap":{"0":{"start":{"line":3,"column":15},"end":{"line":9,"column":1}},"1":{"start":{"line":11,"column":14},"end":{"line":15,"column":1}},"2":{"start":{"line":12,"column":13},"end":{"line":12,"column":50}},"3":{"start":{"line":13,"column":23},"end":{"line":13,"column":44}},"4":{"start":{"line":14,"column":1},"end":{"line":14,"column":41}},"5":{"start":{"line":17,"column":15},"end":{"line":23,"column":1}},"6":{"start":{"line":25,"column":0},"end":{"line":25,"column":26}},"7":{"start":{"line":27,"column":15},"end":{"line":33,"column":1}},"8":{"start":{"line":31,"column":12},"end":{"line":31,"column":62}},"9":{"start":{"line":35,"column":19},"end":{"line":42,"column":1}},"10":{"start":{"line":44,"column":15},"end":{"line":49,"column":2}}},"fnMap":{"0":{"name":"(anonymous_0)","decl":{"start":{"line":11,"column":14},"end":{"line":11,"column":15}},"loc":{"start":{"line":11,"column":20},"end":{"line":15,"column":1}},"line":11},"1":{"name":"(anonymous_1)","decl":{"start":{"line":31,"column":2},"end":{"line":31,"column":3}},"loc":{"start":{"line":31,"column":12},"end":{"line":31,"column":62}},"line":31}},"branchMap":{"0":{"loc":{"start":{"line":12,"column":13},"end":{"line":12,"column":50}},"type":"binary-expr","locations":[{"start":{"line":12,"column":13},"end":{"line":12,"column":33}},{"start":{"line":12,"column":37},"end":{"line":12,"column":50}}],"line":12},"1":{"loc":{"start":{"line":14,"column":8},"end":{"line":14,"column":40}},"type":"cond-expr","locations":[{"start":{"line":14,"column":24},"end":{"line":14,"column":31}},{"start":{"line":14,"column":34},"end":{"line":14,"column":40}}],"line":14}},"s":{"0":4,"1":4,"2":4,"3":4,"4":4,"5":4,"6":4,"7":4,"8":0,"9":4,"10":4},"f":{"0":4,"1":0},"b":{"0":[4,0],"1":[0,4]},"_coverageSchema":"1a1c01bbd47fc00a2c39e90264f33305004495a9","hash":"c6479eac49300c67de9c015f666f99a716a0d526"}
,"/home/tigaron/svelte-strapi-blog/serverless/manga-scraper-es6/server/services/scraper.js": {"path":"/home/tigaron/svelte-strapi-blog/serverless/manga-scraper-es6/server/services/scraper.js","statementMap":{"0":{"start":{"line":6,"column":17},"end":{"line":11,"column":3}},"1":{"start":{"line":12,"column":1},"end":{"line":34,"column":2}},"2":{"start":{"line":13,"column":15},"end":{"line":13,"column":38}},"3":{"start":{"line":14,"column":2},"end":{"line":16,"column":4}},"4":{"start":{"line":17,"column":2},"end":{"line":17,"column":42}},"5":{"start":{"line":18,"column":2},"end":{"line":21,"column":5}},"6":{"start":{"line":19,"column":3},"end":{"line":20,"column":27}},"7":{"start":{"line":19,"column":46},"end":{"line":19,"column":62}},"8":{"start":{"line":20,"column":8},"end":{"line":20,"column":27}},"9":{"start":{"line":22,"column":19},"end":{"line":24,"column":4}},"10":{"start":{"line":25,"column":2},"end":{"line":28,"column":6}},"11":{"start":{"line":26,"column":3},"end":{"line":28,"column":6}},"12":{"start":{"line":29,"column":2},"end":{"line":29,"column":30}},"13":{"start":{"line":31,"column":2},"end":{"line":31,"column":14}},"14":{"start":{"line":33,"column":2},"end":{"line":33,"column":24}},"15":{"start":{"line":38,"column":1},"end":{"line":38,"column":56}},"16":{"start":{"line":38,"column":39},"end":{"line":38,"column":56}},"17":{"start":{"line":39,"column":1},"end":{"line":39,"column":33}},"18":{"start":{"line":43,"column":19},"end":{"line":43,"column":28}},"19":{"start":{"line":44,"column":1},"end":{"line":57,"column":4}},"20":{"start":{"line":45,"column":21},"end":{"line":45,"column":45}},"21":{"start":{"line":46,"column":19},"end":{"line":46,"column":42}},"22":{"start":{"line":47,"column":20},"end":{"line":47,"column":82}},"23":{"start":{"line":48,"column":20},"end":{"line":48,"column":44}},"24":{"start":{"line":49,"column":16},"end":{"line":55,"column":4}},"25":{"start":{"line":56,"column":2},"end":{"line":56,"column":23}},"26":{"start":{"line":58,"column":1},"end":{"line":58,"column":18}},"27":{"start":{"line":62,"column":20},"end":{"line":62,"column":53}},"28":{"start":{"line":63,"column":23},"end":{"line":63,"column":57}},"29":{"start":{"line":64,"column":20},"end":{"line":64,"column":53}},"30":{"start":{"line":65,"column":23},"end":{"line":65,"column":62}},"31":{"start":{"line":66,"column":27},"end":{"line":66,"column":66}},"32":{"start":{"line":67,"column":19},"end":{"line":67,"column":90}},"33":{"start":{"line":68,"column":19},"end":{"line":68,"column":43}},"34":{"start":{"line":69,"column":15},"end":{"line":78,"column":3}},"35":{"start":{"line":79,"column":1},"end":{"line":79,"column":14}},"36":{"start":{"line":83,"column":19},"end":{"line":83,"column":112}},"37":{"start":{"line":84,"column":21},"end":{"line":84,"column":30}},"38":{"start":{"line":85,"column":1},"end":{"line":102,"column":4}},"39":{"start":{"line":86,"column":24},"end":{"line":88,"column":48}},"40":{"start":{"line":89,"column":22},"end":{"line":89,"column":66}},"41":{"start":{"line":90,"column":21},"end":{"line":90,"column":44}},"42":{"start":{"line":91,"column":22},"end":{"line":91,"column":86}},"43":{"start":{"line":92,"column":20},"end":{"line":92,"column":44}},"44":{"start":{"line":93,"column":18},"end":{"line":100,"column":4}},"45":{"start":{"line":101,"column":2},"end":{"line":101,"column":27}},"46":{"start":{"line":103,"column":1},"end":{"line":103,"column":20}},"47":{"start":{"line":107,"column":19},"end":{"line":107,"column":104}},"48":{"start":{"line":108,"column":22},"end":{"line":108,"column":55}},"49":{"start":{"line":109,"column":25},"end":{"line":109,"column":64}},"50":{"start":{"line":110,"column":29},"end":{"line":110,"column":68}},"51":{"start":{"line":111,"column":21},"end":{"line":111,"column":94}},"52":{"start":{"line":112,"column":19},"end":{"line":112,"column":43}},"53":{"start":{"line":113,"column":24},"end":{"line":113,"column":33}},"54":{"start":{"line":114,"column":1},"end":{"line":125,"column":2}},"55":{"start":{"line":115,"column":23},"end":{"line":115,"column":60}},"56":{"start":{"line":116,"column":2},"end":{"line":119,"column":5}},"57":{"start":{"line":117,"column":15},"end":{"line":117,"column":37}},"58":{"start":{"line":118,"column":3},"end":{"line":118,"column":27}},"59":{"start":{"line":121,"column":2},"end":{"line":124,"column":5}},"60":{"start":{"line":122,"column":15},"end":{"line":122,"column":37}},"61":{"start":{"line":123,"column":3},"end":{"line":123,"column":27}},"62":{"start":{"line":126,"column":17},"end":{"line":134,"column":3}},"63":{"start":{"line":135,"column":1},"end":{"line":135,"column":16}},"64":{"start":{"line":139,"column":1},"end":{"line":162,"column":2}},"65":{"start":{"line":140,"column":21},"end":{"line":140,"column":45}},"66":{"start":{"line":141,"column":12},"end":{"line":141,"column":32}},"67":{"start":{"line":143,"column":2},"end":{"line":156,"column":3}},"68":{"start":{"line":145,"column":4},"end":{"line":145,"column":46}},"69":{"start":{"line":146,"column":4},"end":{"line":146,"column":10}},"70":{"start":{"line":148,"column":4},"end":{"line":148,"column":42}},"71":{"start":{"line":149,"column":4},"end":{"line":149,"column":10}},"72":{"start":{"line":151,"column":4},"end":{"line":151,"column":48}},"73":{"start":{"line":152,"column":4},"end":{"line":152,"column":10}},"74":{"start":{"line":154,"column":4},"end":{"line":154,"column":44}},"75":{"start":{"line":155,"column":4},"end":{"line":155,"column":10}},"76":{"start":{"line":157,"column":2},"end":{"line":157,"column":65}},"77":{"start":{"line":158,"column":2},"end":{"line":158,"column":16}},"78":{"start":{"line":160,"column":2},"end":{"line":160,"column":61}},"79":{"start":{"line":161,"column":2},"end":{"line":161,"column":15}}},"fnMap":{"0":{"name":"crawler","decl":{"start":{"line":5,"column":15},"end":{"line":5,"column":22}},"loc":{"start":{"line":5,"column":34},"end":{"line":35,"column":1}},"line":5},"1":{"name":"(anonymous_1)","decl":{"start":{"line":18,"column":21},"end":{"line":18,"column":22}},"loc":{"start":{"line":18,"column":34},"end":{"line":21,"column":3}},"line":18},"2":{"name":"loadHTML","decl":{"start":{"line":37,"column":9},"end":{"line":37,"column":17}},"loc":{"start":{"line":37,"column":30},"end":{"line":40,"column":1}},"line":37},"3":{"name":"parseMangaList","decl":{"start":{"line":42,"column":9},"end":{"line":42,"column":23}},"loc":{"start":{"line":42,"column":42},"end":{"line":59,"column":1}},"line":42},"4":{"name":"(anonymous_4)","decl":{"start":{"line":44,"column":36},"end":{"line":44,"column":37}},"loc":{"start":{"line":44,"column":56},"end":{"line":57,"column":2}},"line":44},"5":{"name":"parseManga","decl":{"start":{"line":61,"column":9},"end":{"line":61,"column":19}},"loc":{"start":{"line":61,"column":38},"end":{"line":80,"column":1}},"line":61},"6":{"name":"parseChapterList","decl":{"start":{"line":82,"column":9},"end":{"line":82,"column":25}},"loc":{"start":{"line":82,"column":44},"end":{"line":104,"column":1}},"line":82},"7":{"name":"(anonymous_7)","decl":{"start":{"line":85,"column":29},"end":{"line":85,"column":30}},"loc":{"start":{"line":85,"column":49},"end":{"line":102,"column":2}},"line":85},"8":{"name":"parseChapter","decl":{"start":{"line":106,"column":9},"end":{"line":106,"column":21}},"loc":{"start":{"line":106,"column":40},"end":{"line":136,"column":1}},"line":106},"9":{"name":"(anonymous_9)","decl":{"start":{"line":116,"column":49},"end":{"line":116,"column":50}},"loc":{"start":{"line":116,"column":69},"end":{"line":119,"column":3}},"line":116},"10":{"name":"(anonymous_10)","decl":{"start":{"line":121,"column":53},"end":{"line":121,"column":54}},"loc":{"start":{"line":121,"column":73},"end":{"line":124,"column":3}},"line":121},"11":{"name":"scraper","decl":{"start":{"line":138,"column":30},"end":{"line":138,"column":37}},"loc":{"start":{"line":138,"column":77},"end":{"line":163,"column":1}},"line":138}},"branchMap":{"0":{"loc":{"start":{"line":19,"column":3},"end":{"line":20,"column":27}},"type":"if","locations":[{"start":{"line":19,"column":3},"end":{"line":20,"column":27}},{"start":{"line":20,"column":8},"end":{"line":20,"column":27}}],"line":19},"1":{"loc":{"start":{"line":25,"column":2},"end":{"line":28,"column":6}},"type":"if","locations":[{"start":{"line":25,"column":2},"end":{"line":28,"column":6}},{"start":{},"end":{}}],"line":25},"2":{"loc":{"start":{"line":38,"column":1},"end":{"line":38,"column":56}},"type":"if","locations":[{"start":{"line":38,"column":1},"end":{"line":38,"column":56}},{"start":{},"end":{}}],"line":38},"3":{"loc":{"start":{"line":86,"column":24},"end":{"line":88,"column":48}},"type":"cond-expr","locations":[{"start":{"line":87,"column":5},"end":{"line":87,"column":80}},{"start":{"line":88,"column":5},"end":{"line":88,"column":48}}],"line":86},"4":{"loc":{"start":{"line":114,"column":1},"end":{"line":125,"column":2}},"type":"if","locations":[{"start":{"line":114,"column":1},"end":{"line":125,"column":2}},{"start":{"line":120,"column":8},"end":{"line":125,"column":2}}],"line":114},"5":{"loc":{"start":{"line":143,"column":2},"end":{"line":156,"column":3}},"type":"switch","locations":[{"start":{"line":144,"column":3},"end":{"line":146,"column":10}},{"start":{"line":147,"column":3},"end":{"line":149,"column":10}},{"start":{"line":150,"column":3},"end":{"line":152,"column":10}},{"start":{"line":153,"column":3},"end":{"line":155,"column":10}}],"line":143}},"s":{"0":0,"1":0,"2":0,"3":0,"4":0,"5":0,"6":0,"7":0,"8":0,"9":0,"10":0,"11":0,"12":0,"13":0,"14":0,"15":0,"16":0,"17":0,"18":0,"19":0,"20":0,"21":0,"22":0,"23":0,"24":0,"25":0,"26":0,"27":0,"28":0,"29":0,"30":0,"31":0,"32":0,"33":0,"34":0,"35":0,"36":0,"37":0,"38":0,"39":0,"40":0,"41":0,"42":0,"43":0,"44":0,"45":0,"46":0,"47":0,"48":0,"49":0,"50":0,"51":0,"52":0,"53":0,"54":0,"55":0,"56":0,"57":0,"58":0,"59":0,"60":0,"61":0,"62":0,"63":0,"64":0,"65":0,"66":0,"67":0,"68":0,"69":0,"70":0,"71":0,"72":0,"73":0,"74":0,"75":0,"76":0,"77":0,"78":0,"79":0},"f":{"0":0,"1":0,"2":0,"3":0,"4":0,"5":0,"6":0,"7":0,"8":0,"9":0,"10":0,"11":0},"b":{"0":[0,0],"1":[0,0],"2":[0,0],"3":[0,0],"4":[0,0],"5":[0,0,0,0]},"_coverageSchema":"1a1c01bbd47fc00a2c39e90264f33305004495a9","hash":"3f897bb37e149fa1d0c6cd5029c62791fe4d38e1"}
,"/home/tigaron/svelte-strapi-blog/serverless/manga-scraper-es6/server/utils/mapToObject.js": {"path":"/home/tigaron/svelte-strapi-blog/serverless/manga-scraper-es6/server/utils/mapToObject.js","statementMap":{"0":{"start":{"line":2,"column":1},"end":{"line":10,"column":3}},"1":{"start":{"line":4,"column":3},"end":{"line":8,"column":19}}},"fnMap":{"0":{"name":"mapToObject","decl":{"start":{"line":1,"column":9},"end":{"line":1,"column":20}},"loc":{"start":{"line":1,"column":26},"end":{"line":11,"column":1}},"line":1},"1":{"name":"(anonymous_1)","decl":{"start":{"line":3,"column":28},"end":{"line":3,"column":29}},"loc":{"start":{"line":3,"column":52},"end":{"line":9,"column":3}},"line":3}},"branchMap":{"0":{"loc":{"start":{"line":4,"column":10},"end":{"line":8,"column":18}},"type":"cond-expr","locations":[{"start":{"line":5,"column":6},"end":{"line":5,"column":31}},{"start":{"line":6,"column":6},"end":{"line":8,"column":18}}],"line":4},"1":{"loc":{"start":{"line":6,"column":6},"end":{"line":8,"column":18}},"type":"cond-expr","locations":[{"start":{"line":7,"column":6},"end":{"line":7,"column":30}},{"start":{"line":8,"column":6},"end":{"line":8,"column":18}}],"line":6}},"s":{"0":51,"1":131},"f":{"0":51,"1":131},"b":{"0":[0,131],"1":[0,131]},"_coverageSchema":"1a1c01bbd47fc00a2c39e90264f33305004495a9","hash":"3f816498533e0760a4a3cffa86223eb7eea68a96"}
,"/home/tigaron/svelte-strapi-blog/serverless/manga-scraper-es6/server/utils/providerList.js": {"path":"/home/tigaron/svelte-strapi-blog/serverless/manga-scraper-es6/server/utils/providerList.js","statementMap":{"0":{"start":{"line":1,"column":21},"end":{"line":7,"column":2}}},"fnMap":{},"branchMap":{},"s":{"0":5},"f":{},"b":{},"_coverageSchema":"1a1c01bbd47fc00a2c39e90264f33305004495a9","hash":"603322fedb1d35c08f50481245eea4358daaabdc"}
,"/home/tigaron/svelte-strapi-blog/serverless/manga-scraper-es6/server/validations/index.js": {"path":"/home/tigaron/svelte-strapi-blog/serverless/manga-scraper-es6/server/validations/index.js","statementMap":{"0":{"start":{"line":4,"column":16},"end":{"line":4,"column":26}},"1":{"start":{"line":5,"column":15},"end":{"line":5,"column":89}},"2":{"start":{"line":6,"column":1},"end":{"line":10,"column":4}},"3":{"start":{"line":6,"column":21},"end":{"line":6,"column":28}},"4":{"start":{"line":7,"column":6},"end":{"line":10,"column":4}},"5":{"start":{"line":14,"column":22},"end":{"line":14,"column":32}},"6":{"start":{"line":15,"column":1},"end":{"line":19,"column":4}},"7":{"start":{"line":15,"column":33},"end":{"line":15,"column":40}},"8":{"start":{"line":16,"column":6},"end":{"line":19,"column":4}},"9":{"start":{"line":23,"column":1},"end":{"line":43,"column":3}},"10":{"start":{"line":24,"column":2},"end":{"line":27,"column":5}},"11":{"start":{"line":24,"column":23},"end":{"line":27,"column":5}},"12":{"start":{"line":28,"column":36},"end":{"line":28,"column":44}},"13":{"start":{"line":29,"column":26},"end":{"line":33,"column":3}},"14":{"start":{"line":34,"column":2},"end":{"line":37,"column":5}},"15":{"start":{"line":34,"column":31},"end":{"line":37,"column":5}},"16":{"start":{"line":38,"column":2},"end":{"line":42,"column":5}},"17":{"start":{"line":38,"column":34},"end":{"line":38,"column":41}},"18":{"start":{"line":39,"column":7},"end":{"line":42,"column":5}},"19":{"start":{"line":46,"column":17},"end":{"line":50,"column":1}}},"fnMap":{"0":{"name":"uuid","decl":{"start":{"line":3,"column":9},"end":{"line":3,"column":13}},"loc":{"start":{"line":3,"column":30},"end":{"line":11,"column":1}},"line":3},"1":{"name":"provider","decl":{"start":{"line":13,"column":9},"end":{"line":13,"column":17}},"loc":{"start":{"line":13,"column":34},"end":{"line":20,"column":1}},"line":13},"2":{"name":"body","decl":{"start":{"line":22,"column":9},"end":{"line":22,"column":13}},"loc":{"start":{"line":22,"column":21},"end":{"line":44,"column":1}},"line":22},"3":{"name":"(anonymous_3)","decl":{"start":{"line":23,"column":8},"end":{"line":23,"column":9}},"loc":{"start":{"line":23,"column":39},"end":{"line":43,"column":2}},"line":23}},"branchMap":{"0":{"loc":{"start":{"line":6,"column":1},"end":{"line":10,"column":4}},"type":"if","locations":[{"start":{"line":6,"column":1},"end":{"line":10,"column":4}},{"start":{"line":7,"column":6},"end":{"line":10,"column":4}}],"line":6},"1":{"loc":{"start":{"line":15,"column":1},"end":{"line":19,"column":4}},"type":"if","locations":[{"start":{"line":15,"column":1},"end":{"line":19,"column":4}},{"start":{"line":16,"column":6},"end":{"line":19,"column":4}}],"line":15},"2":{"loc":{"start":{"line":24,"column":2},"end":{"line":27,"column":5}},"type":"if","locations":[{"start":{"line":24,"column":2},"end":{"line":27,"column":5}},{"start":{},"end":{}}],"line":24},"3":{"loc":{"start":{"line":31,"column":17},"end":{"line":31,"column":33}},"type":"binary-expr","locations":[{"start":{"line":31,"column":17},"end":{"line":31,"column":25}},{"start":{"line":31,"column":29},"end":{"line":31,"column":33}}],"line":31},"4":{"loc":{"start":{"line":32,"column":22},"end":{"line":32,"column":47}},"type":"binary-expr","locations":[{"start":{"line":32,"column":22},"end":{"line":32,"column":30}},{"start":{"line":32,"column":34},"end":{"line":32,"column":39}},{"start":{"line":32,"column":43},"end":{"line":32,"column":47}}],"line":32},"5":{"loc":{"start":{"line":34,"column":2},"end":{"line":37,"column":5}},"type":"if","locations":[{"start":{"line":34,"column":2},"end":{"line":37,"column":5}},{"start":{},"end":{}}],"line":34},"6":{"loc":{"start":{"line":38,"column":2},"end":{"line":42,"column":5}},"type":"if","locations":[{"start":{"line":38,"column":2},"end":{"line":42,"column":5}},{"start":{"line":39,"column":7},"end":{"line":42,"column":5}}],"line":38}},"s":{"0":2,"1":2,"2":2,"3":1,"4":1,"5":2,"6":2,"7":1,"8":1,"9":12,"10":8,"11":1,"12":7,"13":7,"14":7,"15":3,"16":4,"17":3,"18":1,"19":3},"f":{"0":2,"1":2,"2":12,"3":8},"b":{"0":[1,1],"1":[1,1],"2":[1,7],"3":[7,6],"4":[7,6,1],"5":[3,4],"6":[3,1]},"_coverageSchema":"1a1c01bbd47fc00a2c39e90264f33305004495a9","hash":"5746976adadd1046eb02450fd42402694097752b"}
}
