TN:
SF:server/configs/index.js
FNF:0
FNH:0
DA:4,4
DA:6,4
DA:8,4
DA:14,4
DA:18,4
DA:20,4
LF:6
LH:6
BRF:0
BRH:0
end_of_record
TN:
SF:server/controllers/fetch.js
FN:9,status
FN:47,providerData
FN:59,listData
FN:98,mangaData
FN:136,chapterData
FNF:5
FNH:5
FNDA:3,status
FNDA:1,providerData
FNDA:3,listData
FNDA:3,mangaData
FNDA:3,chapterData
DA:10,3
DA:12,3
DA:13,3
DA:14,2
DA:18,1
DA:22,1
DA:27,1
DA:32,1
DA:35,1
DA:36,1
DA:40,1
DA:48,1
DA:53,1
DA:60,3
DA:62,3
DA:63,3
DA:64,3
DA:65,2
DA:69,1
DA:73,1
DA:78,1
DA:83,1
DA:86,1
DA:87,1
DA:91,1
DA:99,3
DA:101,3
DA:102,3
DA:103,2
DA:107,1
DA:111,1
DA:116,1
DA:121,1
DA:124,1
DA:125,1
DA:129,1
DA:137,3
DA:139,3
DA:140,3
DA:141,2
DA:145,1
DA:149,1
DA:154,1
DA:159,1
DA:162,1
DA:163,1
DA:167,1
DA:171,2
LF:48
LH:48
BRDA:14,0,0,1
BRDA:14,0,1,1
BRDA:63,1,0,0
BRDA:63,1,1,3
BRDA:65,2,0,1
BRDA:65,2,1,1
BRDA:71,3,0,0
BRDA:71,3,1,1
BRDA:103,4,0,1
BRDA:103,4,1,1
BRDA:141,5,0,1
BRDA:141,5,1,1
BRF:12
BRH:10
end_of_record
TN:
SF:server/controllers/scrape.js
FN:14,mangaList
FN:93,manga
FN:158,chapterList
FN:249,chapter
FNF:4
FNH:4
FNDA:4,mangaList
FNDA:5,manga
FNDA:5,chapterList
FNDA:5,chapter
DA:15,4
DA:16,4
DA:18,4
DA:23,4
DA:24,4
DA:25,1
DA:29,1
DA:36,3
DA:37,3
DA:43,3
DA:44,2
DA:49,2
DA:55,2
DA:56,2
DA:57,6
DA:58,6
DA:59,3
DA:60,3
DA:62,3
DA:70,2
DA:76,2
DA:78,1
DA:79,1
DA:83,1
DA:94,5
DA:96,5
DA:102,5
DA:103,4
DA:104,1
DA:108,1
DA:110,3
DA:111,1
DA:115,1
DA:122,2
DA:123,2
DA:124,1
DA:128,1
DA:135,1
DA:136,1
DA:141,1
DA:143,1
DA:144,1
DA:148,1
DA:159,5
DA:161,5
DA:165,5
DA:166,4
DA:167,1
DA:171,1
DA:178,3
DA:179,3
DA:180,1
DA:184,1
DA:191,2
DA:192,2
DA:198,2
DA:199,2
DA:204,2
DA:210,2
DA:211,2
DA:212,6
DA:213,6
DA:214,3
DA:215,3
DA:217,3
DA:225,2
DA:231,2
DA:234,1
DA:235,1
DA:239,1
DA:250,5
DA:252,5
DA:258,5
DA:259,4
DA:260,1
DA:264,1
DA:266,3
DA:267,1
DA:271,1
DA:278,2
DA:279,2
DA:280,1
DA:284,1
DA:291,1
DA:292,1
DA:297,1
DA:299,1
DA:300,1
DA:304,1
DA:308,2
LF:90
LH:90
BRDA:24,0,0,1
BRDA:24,0,1,3
BRDA:58,1,0,3
BRDA:58,1,1,3
BRDA:103,2,0,1
BRDA:103,2,1,3
BRDA:110,3,0,1
BRDA:110,3,1,2
BRDA:123,4,0,1
BRDA:123,4,1,1
BRDA:166,5,0,1
BRDA:166,5,1,3
BRDA:179,6,0,1
BRDA:179,6,1,2
BRDA:213,7,0,3
BRDA:213,7,1,3
BRDA:259,8,0,1
BRDA:259,8,1,3
BRDA:266,9,0,1
BRDA:266,9,1,2
BRDA:279,10,0,1
BRDA:279,10,1,1
BRF:22
BRH:22
end_of_record
TN:
SF:server/db/create.js
FN:8,createEntry
FN:22,createStatus
FNF:2
FNH:0
FNDA:0,createEntry
FNDA:0,createStatus
DA:6,4
DA:9,0
DA:14,0
DA:15,0
DA:17,0
DA:18,0
DA:23,0
DA:28,0
DA:29,0
DA:31,0
DA:32,0
LF:11
LH:1
BRDA:8,0,0,0
BRDA:22,1,0,0
BRF:2
BRH:0
end_of_record
TN:
SF:server/db/index.js
FNF:0
FNH:0
DA:5,4
LF:1
LH:1
BRF:0
BRH:0
end_of_record
TN:
SF:server/db/read.js
FN:8,getEntry
FN:26,getCollection
FN:36,(anonymous_2)
FNF:3
FNH:0
FNDA:0,getEntry
FNDA:0,getCollection
FNDA:0,(anonymous_2)
DA:6,4
DA:9,0
DA:16,0
DA:17,0
DA:18,0
DA:19,0
DA:21,0
DA:22,0
DA:27,0
DA:34,0
DA:35,0
DA:36,0
DA:37,0
DA:39,0
DA:40,0
LF:15
LH:1
BRDA:8,0,0,0
BRDA:18,1,0,0
BRDA:18,1,1,0
BRDA:26,2,0,0
BRDA:36,3,0,0
BRDA:36,3,1,0
BRF:6
BRH:0
end_of_record
TN:
SF:server/db/update.js
FN:8,updateMangaEntry
FN:41,updateChapterEntry
FN:74,updateStatus
FNF:3
FNH:0
FNDA:0,updateMangaEntry
FNDA:0,updateChapterEntry
FNDA:0,updateStatus
DA:6,4
DA:9,0
DA:33,0
DA:34,0
DA:36,0
DA:37,0
DA:42,0
DA:66,0
DA:67,0
DA:69,0
DA:70,0
DA:75,0
DA:93,0
DA:94,0
DA:96,0
DA:97,0
LF:16
LH:1
BRDA:8,0,0,0
BRDA:41,1,0,0
BRDA:74,2,0,0
BRF:3
BRH:0
end_of_record
TN:
SF:server/routes/fetch.js
FN:6,(anonymous_0)
FNF:1
FNH:0
FNDA:0,(anonymous_0)
DA:4,1
DA:6,1
DA:8,1
DA:10,1
DA:12,1
DA:14,1
DA:16,1
DA:18,1
LF:8
LH:8
BRF:0
BRH:0
end_of_record
TN:
SF:server/routes/scrape.js
FNF:0
FNH:0
DA:4,1
DA:6,1
DA:8,1
DA:10,1
DA:12,1
LF:5
LH:5
BRF:0
BRH:0
end_of_record
TN:
SF:server/services/logger.js
FN:11,(anonymous_0)
FN:31,(anonymous_1)
FNF:2
FNH:1
FNDA:5,(anonymous_0)
FNDA:0,(anonymous_1)
DA:3,5
DA:11,5
DA:12,5
DA:13,5
DA:14,5
DA:17,5
DA:25,5
DA:27,5
DA:31,0
DA:35,5
DA:44,5
LF:11
LH:10
BRDA:12,0,0,5
BRDA:12,0,1,0
BRDA:14,1,0,0
BRDA:14,1,1,5
BRF:4
BRH:2
end_of_record
TN:
SF:server/services/scraper.js
FN:5,crawler
FN:18,(anonymous_1)
FN:37,loadHTML
FN:42,parseMangaList
FN:44,(anonymous_4)
FN:61,parseManga
FN:82,parseChapterList
FN:85,(anonymous_7)
FN:106,parseChapter
FN:116,(anonymous_9)
FN:121,(anonymous_10)
FN:138,scraper
FNF:12
FNH:12
FNDA:2,crawler
FNDA:39,(anonymous_1)
FNDA:3,loadHTML
FNDA:2,parseMangaList
FNDA:122,(anonymous_4)
FNDA:1,parseManga
FNDA:2,parseChapterList
FNDA:6,(anonymous_7)
FNDA:2,parseChapter
FNDA:3,(anonymous_9)
FNDA:3,(anonymous_10)
FNDA:2,scraper
DA:6,2
DA:12,2
DA:13,2
DA:14,2
DA:17,2
DA:18,2
DA:19,39
DA:20,2
DA:22,2
DA:25,2
DA:26,1
DA:29,1
DA:31,1
DA:33,2
DA:38,3
DA:39,2
DA:43,2
DA:44,2
DA:45,122
DA:46,122
DA:47,122
DA:48,122
DA:49,122
DA:56,122
DA:58,2
DA:62,1
DA:63,1
DA:64,1
DA:65,1
DA:66,1
DA:67,1
DA:68,1
DA:69,1
DA:79,1
DA:83,2
DA:84,2
DA:85,2
DA:86,6
DA:89,6
DA:90,6
DA:91,6
DA:92,6
DA:93,6
DA:101,6
DA:103,2
DA:107,2
DA:108,2
DA:109,2
DA:110,2
DA:111,2
DA:112,2
DA:113,2
DA:114,2
DA:115,1
DA:116,1
DA:117,3
DA:118,3
DA:121,1
DA:122,3
DA:123,3
DA:126,2
DA:135,2
DA:139,2
DA:140,2
DA:141,1
DA:143,1
DA:145,1
DA:146,1
DA:148,0
DA:149,0
DA:151,0
DA:152,0
DA:154,0
DA:155,0
DA:157,1
DA:158,1
DA:160,1
DA:161,1
LF:78
LH:72
BRDA:19,0,0,37
BRDA:19,0,1,2
BRDA:25,1,0,1
BRDA:25,1,1,1
BRDA:38,2,0,1
BRDA:38,2,1,2
BRDA:86,3,0,3
BRDA:86,3,1,3
BRDA:114,4,0,1
BRDA:114,4,1,1
BRDA:143,5,0,1
BRDA:143,5,1,0
BRDA:143,5,2,0
BRDA:143,5,3,0
BRF:14
BRH:11
end_of_record
TN:
SF:server/utils/mapToObject.js
FN:1,mapToObject
FN:3,(anonymous_1)
FNF:2
FNH:2
FNDA:57,mapToObject
FNDA:170,(anonymous_1)
DA:2,57
DA:4,170
LF:2
LH:2
BRDA:4,0,0,0
BRDA:4,0,1,170
BRDA:6,1,0,2
BRDA:6,1,1,168
BRF:4
BRH:3
end_of_record
TN:
SF:server/utils/providerList.js
FNF:0
FNH:0
DA:1,5
LF:1
LH:1
BRF:0
BRH:0
end_of_record
TN:
SF:server/validations/index.js
FN:3,uuid
FN:13,provider
FN:22,body
FN:23,(anonymous_3)
FNF:4
FNH:4
FNDA:2,uuid
FNDA:2,provider
FNDA:12,body
FNDA:8,(anonymous_3)
DA:4,2
DA:5,2
DA:6,2
DA:7,1
DA:14,2
DA:15,2
DA:16,1
DA:23,12
DA:24,8
DA:28,7
DA:29,7
DA:34,7
DA:38,4
DA:39,1
DA:46,3
LF:15
LH:15
BRDA:6,0,0,1
BRDA:6,0,1,1
BRDA:15,1,0,1
BRDA:15,1,1,1
BRDA:24,2,0,1
BRDA:24,2,1,7
BRDA:31,3,0,7
BRDA:31,3,1,6
BRDA:32,4,0,7
BRDA:32,4,1,6
BRDA:32,4,2,1
BRDA:34,5,0,3
BRDA:34,5,1,4
BRDA:38,6,0,3
BRDA:38,6,1,1
BRF:15
BRH:15
end_of_record
